[INFO  2022-08-22T17:11:55,646 net.lightbody.bmp.proxy.Main] (main) Starting BrowserMob Proxy version 2.1.4 
[INFO  2022-08-22T17:11:55,674 org.eclipse.jetty.util.log] (main) jetty-7.x.y-SNAPSHOT 
[INFO  2022-08-22T17:11:55,811 org.eclipse.jetty.util.log] (main) started o.e.j.s.ServletContextHandler{/,null} 
[INFO  2022-08-22T17:11:56,002 org.eclipse.jetty.util.log] (main) Started SelectChannelConnector@0.0.0.0:8080 
[INFO  2022-08-22T17:11:57,023 org.littleshoot.proxy.impl.DefaultHttpProxyServer] (qtp639467920-17) Starting proxy at address: 0.0.0.0/0.0.0.0:8081 
[INFO  2022-08-22T17:11:57,052 org.littleshoot.proxy.impl.DefaultHttpProxyServer] (qtp639467920-17) Proxy listening with TCP transport 
[INFO  2022-08-22T17:11:57,145 org.littleshoot.proxy.impl.DefaultHttpProxyServer] (qtp639467920-17) Proxy started at address: /0:0:0:0:0:0:0:0:8081 
[WARN  2022-08-22T17:11:59,547 net.lightbody.bmp.filters.ServerResponseCaptureFilter] (LittleProxy-0-ProxyToServerWorker-0) Cannot decode unsupported content encoding type br 
[WARN  2022-08-22T17:11:59,547 net.lightbody.bmp.filters.HarCaptureFilter] (LittleProxy-0-ProxyToServerWorker-0) Unable to decompress content with encoding: br. Contents will be encoded as base64 binary data. 
[WARN  2022-08-22T17:12:00,568 net.lightbody.bmp.filters.ServerResponseCaptureFilter] (LittleProxy-0-ProxyToServerWorker-4) Cannot decode unsupported content encoding type br 
[WARN  2022-08-22T17:12:00,569 net.lightbody.bmp.filters.HarCaptureFilter] (LittleProxy-0-ProxyToServerWorker-4) Unable to decompress content with encoding: br. Contents will be encoded as base64 binary data. 
[WARN  2022-08-22T17:12:02,530 net.lightbody.bmp.filters.HarCaptureFilter] (LittleProxy-0-ProxyToServerWorker-7) No content type specified in response from /v1/clienttoken. Content will be treated as application/octet-stream 
[WARN  2022-08-22T17:12:02,566 net.lightbody.bmp.filters.HarCaptureFilter] (LittleProxy-0-ProxyToServerWorker-5) No content type specified in response from /gabo-receiver-service/public/v3/events. Content will be treated as application/octet-stream 
[WARN  2022-08-22T17:12:02,574 net.lightbody.bmp.filters.HarCaptureFilter] (LittleProxy-0-ProxyToServerWorker-6) No content type specified in response from /gabo-receiver-service/public/v3/events. Content will be treated as application/octet-stream 
[WARN  2022-08-22T17:12:02,780 net.lightbody.bmp.filters.ServerResponseCaptureFilter] (LittleProxy-0-ProxyToServerWorker-1) Cannot decode unsupported content encoding type br 
[WARN  2022-08-22T17:12:02,781 net.lightbody.bmp.filters.HarCaptureFilter] (LittleProxy-0-ProxyToServerWorker-1) Unable to decompress content with encoding: br. Contents will be encoded as base64 binary data. 
[WARN  2022-08-22T17:12:03,131 net.lightbody.bmp.filters.ServerResponseCaptureFilter] (LittleProxy-0-ProxyToServerWorker-1) Cannot decode unsupported content encoding type br 
[WARN  2022-08-22T17:12:03,131 net.lightbody.bmp.filters.HarCaptureFilter] (LittleProxy-0-ProxyToServerWorker-1) Unable to decompress content with encoding: br. Contents will be encoded as base64 binary data. 
[WARN  2022-08-22T17:12:03,803 net.lightbody.bmp.filters.ServerResponseCaptureFilter] (LittleProxy-0-ProxyToServerWorker-5) Cannot decode unsupported content encoding type br 
[WARN  2022-08-22T17:12:03,803 net.lightbody.bmp.filters.HarCaptureFilter] (LittleProxy-0-ProxyToServerWorker-5) Unable to decompress content with encoding: br. Contents will be encoded as base64 binary data. 
[WARN  2022-08-22T17:12:05,035 net.lightbody.bmp.filters.HarCaptureFilter] (LittleProxy-0-ProxyToServerWorker-4) No content type specified in response from /c2/15654041/cs.js. Content will be treated as application/octet-stream 
[WARN  2022-08-22T17:12:05,258 net.lightbody.bmp.filters.HarCaptureFilter] (LittleProxy-0-ProxyToServerWorker-2) No content type specified in response from /b?c1=2&c2=15654041&ns__t=1661188323169&ns_c=UTF-8&c8=Justice%20(The%20Complete%20Edition)%20-%20Album%20by%20Justin%20Bieber%20%7C%20Spotify&c7=https%3A%2F%2Fopen.spotify.com%2Falbum%2F3uPnO1aZBwMgWK1DI5zve9&c9=. Content will be treated as application/octet-stream 
[WARN  2022-08-22T17:12:05,320 net.lightbody.bmp.filters.HarCaptureFilter] (LittleProxy-0-ProxyToServerWorker-2) No content type specified in response from /b2?c1=2&c2=15654041&ns__t=1661188323169&ns_c=UTF-8&c8=Justice%20(The%20Complete%20Edition)%20-%20Album%20by%20Justin%20Bieber%20%7C%20Spotify&c7=https%3A%2F%2Fopen.spotify.com%2Falbum%2F3uPnO1aZBwMgWK1DI5zve9&c9=. Content will be treated as application/octet-stream 
[WARN  2022-08-22T17:12:05,333 net.lightbody.bmp.filters.HarCaptureFilter] (LittleProxy-0-ProxyToServerWorker-4) No content type specified in response from /pathfinder/v1/query?operationName=getAlbumMetadata&variables=%7B%22uri%22%3A%22spotify%3Aalbum%3A3uPnO1aZBwMgWK1DI5zve9%22%7D&extensions=%7B%22persistedQuery%22%3A%7B%22version%22%3A1%2C%22sha256Hash%22%3A%223632de5a7622918df3594ef3b7919a3980a0c015331ef677fd1ceaf3d9997710%22%7D%7D. Content will be treated as application/octet-stream 
[WARN  2022-08-22T17:12:05,522 net.lightbody.bmp.filters.HarCaptureFilter] (LittleProxy-0-ProxyToServerWorker-2) No content type specified in response from /cm/s?bt=1d53c387&pnid=140&cb=1661188325401&u_scsid=5c4c4834-1715-45e9-a723-a19fc4724143&u_sclid=b8c6992c-c85e-4ec4-9a1e-54a7b611c5a5. Content will be treated as application/octet-stream 
[WARN  2022-08-22T17:12:05,798 net.lightbody.bmp.filters.HarCaptureFilter] (LittleProxy-0-ProxyToServerWorker-2) No content type specified in response from /466206.gif?partner_uid=9651ae5c-649d-4a80-a1a6-1dfbed06a0c5&pp=. Content will be treated as application/octet-stream 
[WARN  2022-08-22T17:12:06,112 net.lightbody.bmp.filters.HarCaptureFilter] (LittleProxy-0-ProxyToServerWorker-1) No content type specified in response from /pathfinder/v1/query?operationName=queryAlbumTracks&variables=%7B%22uri%22%3A%22spotify%3Aalbum%3A3uPnO1aZBwMgWK1DI5zve9%22%2C%22offset%22%3A0%2C%22limit%22%3A300%7D&extensions=%7B%22persistedQuery%22%3A%7B%22version%22%3A1%2C%22sha256Hash%22%3A%2217a905fd6424e17cef6d815704aaae8e11c0cfa54a998a09e8690fe7f4f09878%22%7D%7D. Content will be treated as application/octet-stream 
[WARN  2022-08-22T17:12:06,238 net.lightbody.bmp.filters.HarCaptureFilter] (LittleProxy-0-ProxyToServerWorker-2) No content type specified in response from /1000.gif?memo=CJ66HBIwCiwIARDU_QgaJDk2NTFhZTVjLTY0OWQtNGE4MC1hMWE2LTFkZmJlZDA2YTBjNRAAGg0I5fGOmAYSBQjoBxAAQgBKAA. Content will be treated as application/octet-stream 
[WARN  2022-08-22T17:12:06,264 net.lightbody.bmp.filters.HarCaptureFilter] (LittleProxy-0-ProxyToServerWorker-4) No content type specified in response from /idsync/ex/push?partner_id=2884&partner_url=https%3A%2F%2Ftr.snapchat.com%2Fcm%2Fp%3Frand%3D1660955376580%26pnid%3D140%26pcid%3D%24%7BTA_DEVICE_ID%7D. Content will be treated as application/octet-stream 
[WARN  2022-08-22T17:12:06,284 net.lightbody.bmp.filters.HarCaptureFilter] (LittleProxy-0-ProxyToServerWorker-4) No content type specified in response from /idsync/ex/push/check?partner_id=2884&partner_url=https%3A%2F%2Ftr.snapchat.com%2Fcm%2Fp%3Frand%3D1660955376580%26pnid%3D140%26pcid%3D%24%7BTA_DEVICE_ID%7D. Content will be treated as application/octet-stream 
[WARN  2022-08-22T17:12:06,820 net.lightbody.bmp.filters.HarCaptureFilter] (LittleProxy-0-ProxyToServerWorker-5) No content type specified in response from /api/sync?pid=5324&it=1&iv=c52e3c57dd0553520be5eb6baa63f8ce142802eeae0405a85d6996de83c016da791426b5417dce21&_=2. Content will be treated as application/octet-stream 
[WARN  2022-08-22T17:12:06,894 net.lightbody.bmp.filters.HarCaptureFilter] (LittleProxy-0-ProxyToServerWorker-7) No content type specified in response from /gabo-receiver-service/v3/events. Content will be treated as application/octet-stream 
[WARN  2022-08-22T17:12:07,107 net.lightbody.bmp.filters.HarCaptureFilter] (LittleProxy-0-ProxyToServerWorker-5) No content type specified in response from /api/sync/ddp?pid=2&m=CMwpElsKVwgBEJInGlBjNTJlM2M1N2RkMDU1MzUyMGJlNWViNmJhYTYzZjhjZTE0MjgwMmVlYWUwNDA1YTg1ZDY5OTZkZTgzYzAxNmRhNzkxNDI2YjU0MTdkY2UyMRAAGgwI5vGOmAYSBAgCEABCAEoA&google_error=3. Content will be treated as application/octet-stream 
