Running BrowserMob Proxy using LittleProxy implementation. To revert to the legacy implementation, run the proxy with the command-line option '--use-littleproxy false'.
WARNING: An illegal reflective access operation has occurred
WARNING: Illegal reflective access by com.google.inject.internal.cglib.core.$ReflectUtils$2 (file:/home/runner/browsermob-proxy-2.1.4/lib/browsermob-dist-2.1.4.jar) to method java.lang.ClassLoader.defineClass(java.lang.String,byte[],int,int,java.security.ProtectionDomain)
WARNING: Please consider reporting this to the maintainers of com.google.inject.internal.cglib.core.$ReflectUtils$2
WARNING: Use --illegal-access=warn to enable warnings of further illegal reflective access operations
WARNING: All illegal access operations will be denied in a future release
[INFO  2022-08-21T14:02:37,784 net.lightbody.bmp.proxy.Main] (main) Starting BrowserMob Proxy version 2.1.4 
[INFO  2022-08-21T14:02:37,816 org.eclipse.jetty.util.log] (main) jetty-7.x.y-SNAPSHOT 
[INFO  2022-08-21T14:02:38,004 org.eclipse.jetty.util.log] (main) started o.e.j.s.ServletContextHandler{/,null} 
[INFO  2022-08-21T14:02:38,178 org.eclipse.jetty.util.log] (main) Started SelectChannelConnector@0.0.0.0:8080 
[INFO  2022-08-21T14:02:39,484 org.littleshoot.proxy.impl.DefaultHttpProxyServer] (qtp639467920-18) Starting proxy at address: 0.0.0.0/0.0.0.0:8081 
[INFO  2022-08-21T14:02:39,514 org.littleshoot.proxy.impl.DefaultHttpProxyServer] (qtp639467920-18) Proxy listening with TCP transport 
[INFO  2022-08-21T14:02:39,595 org.littleshoot.proxy.impl.DefaultHttpProxyServer] (qtp639467920-18) Proxy started at address: /0:0:0:0:0:0:0:0:8081 
[WARN  2022-08-21T14:02:42,229 net.lightbody.bmp.filters.ServerResponseCaptureFilter] (LittleProxy-0-ProxyToServerWorker-0) Cannot decode unsupported content encoding type br 
[WARN  2022-08-21T14:02:42,229 net.lightbody.bmp.filters.HarCaptureFilter] (LittleProxy-0-ProxyToServerWorker-0) Unable to decompress content with encoding: br. Contents will be encoded as base64 binary data. 
[WARN  2022-08-21T14:02:44,136 net.lightbody.bmp.filters.ServerResponseCaptureFilter] (LittleProxy-0-ProxyToServerWorker-4) Cannot decode unsupported content encoding type br 
[WARN  2022-08-21T14:02:44,136 net.lightbody.bmp.filters.HarCaptureFilter] (LittleProxy-0-ProxyToServerWorker-4) Unable to decompress content with encoding: br. Contents will be encoded as base64 binary data. 
[WARN  2022-08-21T14:02:45,953 net.lightbody.bmp.filters.HarCaptureFilter] (LittleProxy-0-ProxyToServerWorker-5) No content type specified in response from /v1/clienttoken. Content will be treated as application/octet-stream 
[WARN  2022-08-21T14:02:46,066 net.lightbody.bmp.filters.HarCaptureFilter] (LittleProxy-0-ProxyToServerWorker-6) No content type specified in response from /gabo-receiver-service/public/v3/events. Content will be treated as application/octet-stream 
[WARN  2022-08-21T14:02:46,079 net.lightbody.bmp.filters.HarCaptureFilter] (LittleProxy-0-ProxyToServerWorker-7) No content type specified in response from /gabo-receiver-service/public/v3/events. Content will be treated as application/octet-stream 
[WARN  2022-08-21T14:02:46,170 net.lightbody.bmp.filters.ServerResponseCaptureFilter] (LittleProxy-0-ProxyToServerWorker-1) Cannot decode unsupported content encoding type br 
[WARN  2022-08-21T14:02:46,170 net.lightbody.bmp.filters.HarCaptureFilter] (LittleProxy-0-ProxyToServerWorker-1) Unable to decompress content with encoding: br. Contents will be encoded as base64 binary data. 
[WARN  2022-08-21T14:02:46,589 net.lightbody.bmp.filters.ServerResponseCaptureFilter] (LittleProxy-0-ProxyToServerWorker-1) Cannot decode unsupported content encoding type br 
[WARN  2022-08-21T14:02:46,589 net.lightbody.bmp.filters.HarCaptureFilter] (LittleProxy-0-ProxyToServerWorker-1) Unable to decompress content with encoding: br. Contents will be encoded as base64 binary data. 
[WARN  2022-08-21T14:02:47,275 net.lightbody.bmp.filters.ServerResponseCaptureFilter] (LittleProxy-0-ProxyToServerWorker-3) Cannot decode unsupported content encoding type br 
[WARN  2022-08-21T14:02:47,275 net.lightbody.bmp.filters.HarCaptureFilter] (LittleProxy-0-ProxyToServerWorker-3) Unable to decompress content with encoding: br. Contents will be encoded as base64 binary data. 
[WARN  2022-08-21T14:02:48,597 net.lightbody.bmp.filters.HarCaptureFilter] (LittleProxy-0-ProxyToServerWorker-6) No content type specified in response from /cm/s?bt=1d53c387&pnid=140&cb=1661090568515&u_scsid=77be044a-d1d1-4423-a133-f45961da37e1&u_sclid=0710c50e-e495-4bc1-b77c-bc0afeaee093. Content will be treated as application/octet-stream 
[WARN  2022-08-21T14:02:48,704 net.lightbody.bmp.filters.HarCaptureFilter] (LittleProxy-0-ProxyToServerWorker-4) No content type specified in response from /b?c1=2&c2=15654041&ns__t=1661090566639&ns_c=UTF-8&c8=Justice%20(The%20Complete%20Edition)%20-%20Album%20by%20Justin%20Bieber%20%7C%20Spotify&c7=https%3A%2F%2Fopen.spotify.com%2Falbum%2F3uPnO1aZBwMgWK1DI5zve9&c9=. Content will be treated as application/octet-stream 
[WARN  2022-08-21T14:02:49,034 net.lightbody.bmp.filters.HarCaptureFilter] (LittleProxy-0-ProxyToServerWorker-4) No content type specified in response from /b2?c1=2&c2=15654041&ns__t=1661090566639&ns_c=UTF-8&c8=Justice%20(The%20Complete%20Edition)%20-%20Album%20by%20Justin%20Bieber%20%7C%20Spotify&c7=https%3A%2F%2Fopen.spotify.com%2Falbum%2F3uPnO1aZBwMgWK1DI5zve9&c9=. Content will be treated as application/octet-stream 
[WARN  2022-08-21T14:02:49,064 net.lightbody.bmp.filters.HarCaptureFilter] (LittleProxy-0-ProxyToServerWorker-6) No content type specified in response from /idsync/ex/push?partner_id=2884&partner_url=https%3A%2F%2Ftr.snapchat.com%2Fcm%2Fp%3Frand%3D1660955376536%26pnid%3D140%26pcid%3D%24%7BTA_DEVICE_ID%7D. Content will be treated as application/octet-stream 
[WARN  2022-08-21T14:02:49,082 net.lightbody.bmp.filters.HarCaptureFilter] (LittleProxy-0-ProxyToServerWorker-6) No content type specified in response from /idsync/ex/push/check?partner_id=2884&partner_url=https%3A%2F%2Ftr.snapchat.com%2Fcm%2Fp%3Frand%3D1660955376536%26pnid%3D140%26pcid%3D%24%7BTA_DEVICE_ID%7D. Content will be treated as application/octet-stream 
[WARN  2022-08-21T14:02:49,788 net.lightbody.bmp.filters.HarCaptureFilter] (LittleProxy-0-ProxyToServerWorker-2) No content type specified in response from /c2/15654041/cs.js. Content will be treated as application/octet-stream 
[WARN  2022-08-21T14:02:49,841 net.lightbody.bmp.filters.HarCaptureFilter] (LittleProxy-0-ProxyToServerWorker-7) No content type specified in response from /pathfinder/v1/query?operationName=getAlbumMetadata&variables=%7B%22uri%22%3A%22spotify%3Aalbum%3A3uPnO1aZBwMgWK1DI5zve9%22%7D&extensions=%7B%22persistedQuery%22%3A%7B%22version%22%3A1%2C%22sha256Hash%22%3A%223632de5a7622918df3594ef3b7919a3980a0c015331ef677fd1ceaf3d9997710%22%7D%7D. Content will be treated as application/octet-stream 
[WARN  2022-08-21T14:02:50,457 net.lightbody.bmp.filters.HarCaptureFilter] (LittleProxy-0-ProxyToServerWorker-3) No content type specified in response from /pathfinder/v1/query?operationName=queryAlbumTracks&variables=%7B%22uri%22%3A%22spotify%3Aalbum%3A3uPnO1aZBwMgWK1DI5zve9%22%2C%22offset%22%3A0%2C%22limit%22%3A300%7D&extensions=%7B%22persistedQuery%22%3A%7B%22version%22%3A1%2C%22sha256Hash%22%3A%2217a905fd6424e17cef6d815704aaae8e11c0cfa54a998a09e8690fe7f4f09878%22%7D%7D. Content will be treated as application/octet-stream 
[WARN  2022-08-21T14:02:50,589 net.lightbody.bmp.filters.HarCaptureFilter] (LittleProxy-0-ProxyToServerWorker-6) No content type specified in response from /gabo-receiver-service/v3/events. Content will be treated as application/octet-stream 
[WARN  2022-08-21T14:02:50,896 net.lightbody.bmp.filters.HarCaptureFilter] (LittleProxy-0-ProxyToServerWorker-4) No content type specified in response from /466206.gif?partner_uid=7af2759d-b158-4d62-9803-a6508b814d1e&pp=. Content will be treated as application/octet-stream 
[WARN  2022-08-21T14:02:50,931 net.lightbody.bmp.filters.HarCaptureFilter] (LittleProxy-0-ProxyToServerWorker-4) No content type specified in response from /1000.gif?memo=CJ66HBIwCiwIARDU_QgaJDdhZjI3NTlkLWIxNTgtNGQ2Mi05ODAzLWE2NTA4YjgxNGQxZRAAGg0IivaImAYSBQjoBxAAQgBKAA. Content will be treated as application/octet-stream 
[WARN  2022-08-21T14:02:51,273 net.lightbody.bmp.filters.HarCaptureFilter] (LittleProxy-0-ProxyToServerWorker-1) No content type specified in response from /api/sync?pid=5324&it=1&iv=5a95c12ac0377ffe3cb6aee8249fd225770522bbe574b3d01ecd75595839cb16791426b5417dce21&_=2. Content will be treated as application/octet-stream 
[WARN  2022-08-21T14:02:51,735 net.lightbody.bmp.filters.HarCaptureFilter] (LittleProxy-0-ProxyToServerWorker-1) No content type specified in response from /api/sync/ddp?pid=2&m=CMwpElsKVwgBEJInGlA1YTk1YzEyYWMwMzc3ZmZlM2NiNmFlZTgyNDlmZDIyNTc3MDUyMmJiZTU3NGIzZDAxZWNkNzU1OTU4MzljYjE2NzkxNDI2YjU0MTdkY2UyMRAAGgwIi_aImAYSBAgCEABCAEoA&google_error=3. Content will be treated as application/octet-stream 
